INFO:root:Starting Dice login process...
INFO:WDM:====== WebDriver manager ======
INFO:WDM:Get LATEST chromedriver version for google-chrome
INFO:WDM:Get LATEST chromedriver version for google-chrome
INFO:WDM:Driver [C:\Users\BENSON\.wdm\drivers\chromedriver\win64\133.0.6943.53\chromedriver-win32/chromedriver.exe] found in cache
INFO:root:\u2139\ufe0f No cookies popup found. Proceeding...
INFO:root:\U0001f539 Entering email...
INFO:root:\U0001f539 Locating Continue button...
INFO:root:\U0001f504 Trying alternative locator for 'Continue' button...
INFO:root:\U0001f539 Clicking Continue...
INFO:root:\U0001f539 Waiting for password field...
INFO:root:\u2705 Password field is visible!
INFO:root:\U0001f539 Clicking Sign In...
INFO:root:\U0001f50d Current URL after login: https://www.dice.com/home-feed
WARNING:root:\u26a0\ufe0f Login may have issues, but home page loaded.
INFO:root:\U0001f539 Dice login process completed.
INFO:root:Starting Dice login process...
INFO:WDM:====== WebDriver manager ======
INFO:WDM:Get LATEST chromedriver version for google-chrome
INFO:WDM:Get LATEST chromedriver version for google-chrome
INFO:WDM:Driver [C:\Users\BENSON\.wdm\drivers\chromedriver\win64\133.0.6943.53\chromedriver-win32/chromedriver.exe] found in cache
INFO:root:\u2139\ufe0f No cookies popup found. Proceeding...
INFO:root:\U0001f539 Entering email...
INFO:root:\U0001f539 Locating Continue button...
INFO:root:\U0001f504 Trying alternative locator for 'Continue' button...
INFO:root:\U0001f539 Clicking Continue...
INFO:root:\U0001f539 Waiting for password field...
INFO:root:\u2705 Password field is visible!
INFO:root:\U0001f539 Clicking Sign In...
INFO:root:\U0001f50d Current URL after login: https://www.dice.com/home-feed
WARNING:root:\u26a0\ufe0f Login may have issues, but home page loaded.
INFO:root:\U0001f539 Dice login process completed.
